Performing C++ SOURCE FILE Test CMAKE_HAVE_LIBC_PTHREAD failed with the following output:
Change Dir: /home/wj/Code/C++/Interview/MemoryPool/build/CMakeFiles/CMakeTmp

Run Build Command(s):/usr/bin/make cmTC_3b950/fast && /usr/bin/make -f CMakeFiles/cmTC_3b950.dir/build.make CMakeFiles/cmTC_3b950.dir/build
make[1]: Entering directory '/home/wj/Code/C++/Interview/MemoryPool/build/CMakeFiles/CMakeTmp'
Building CXX object CMakeFiles/cmTC_3b950.dir/src.cxx.o
/usr/bin/c++    -DCMAKE_HAVE_LIBC_PTHREAD   -std=c++17 -o CMakeFiles/cmTC_3b950.dir/src.cxx.o -c /home/wj/Code/C++/Interview/MemoryPool/build/CMakeFiles/CMakeTmp/src.cxx
Linking CXX executable cmTC_3b950
/usr/bin/cmake -E cmake_link_script CMakeFiles/cmTC_3b950.dir/link.txt --verbose=1
/usr/bin/c++   -DCMAKE_HAVE_LIBC_PTHREAD    CMakeFiles/cmTC_3b950.dir/src.cxx.o  -o cmTC_3b950 
/usr/bin/ld: CMakeFiles/cmTC_3b950.dir/src.cxx.o: in function `main':
src.cxx:(.text+0x46): undefined reference to `pthread_create'
/usr/bin/ld: src.cxx:(.text+0x52): undefined reference to `pthread_detach'
/usr/bin/ld: src.cxx:(.text+0x63): undefined reference to `pthread_join'
collect2: error: ld returned 1 exit status
make[1]: *** [CMakeFiles/cmTC_3b950.dir/build.make:87: cmTC_3b950] Error 1
make[1]: Leaving directory '/home/wj/Code/C++/Interview/MemoryPool/build/CMakeFiles/CMakeTmp'
make: *** [Makefile:121: cmTC_3b950/fast] Error 2


Source file was:
#include <pthread.h>

void* test_func(void* data)
{
  return data;
}

int main(void)
{
  pthread_t thread;
  pthread_create(&thread, NULL, test_func, NULL);
  pthread_detach(thread);
  pthread_join(thread, NULL);
  pthread_atfork(NULL, NULL, NULL);
  pthread_exit(NULL);

  return 0;
}

Determining if the function pthread_create exists in the pthreads failed with the following output:
Change Dir: /home/wj/Code/C++/Interview/MemoryPool/build/CMakeFiles/CMakeTmp

Run Build Command(s):/usr/bin/make cmTC_c4c3a/fast && /usr/bin/make -f CMakeFiles/cmTC_c4c3a.dir/build.make CMakeFiles/cmTC_c4c3a.dir/build
make[1]: Entering directory '/home/wj/Code/C++/Interview/MemoryPool/build/CMakeFiles/CMakeTmp'
Building CXX object CMakeFiles/cmTC_c4c3a.dir/CheckFunctionExists.cxx.o
/usr/bin/c++    -DCHECK_FUNCTION_EXISTS=pthread_create   -std=c++17 -o CMakeFiles/cmTC_c4c3a.dir/CheckFunctionExists.cxx.o -c /home/wj/Code/C++/Interview/MemoryPool/build/CMakeFiles/CheckLibraryExists/CheckFunctionExists.cxx
Linking CXX executable cmTC_c4c3a
/usr/bin/cmake -E cmake_link_script CMakeFiles/cmTC_c4c3a.dir/link.txt --verbose=1
/usr/bin/c++   -DCHECK_FUNCTION_EXISTS=pthread_create    CMakeFiles/cmTC_c4c3a.dir/CheckFunctionExists.cxx.o  -o cmTC_c4c3a  -lpthreads 
/usr/bin/ld: cannot find -lpthreads
collect2: error: ld returned 1 exit status
make[1]: *** [CMakeFiles/cmTC_c4c3a.dir/build.make:87: cmTC_c4c3a] Error 1
make[1]: Leaving directory '/home/wj/Code/C++/Interview/MemoryPool/build/CMakeFiles/CMakeTmp'
make: *** [Makefile:121: cmTC_c4c3a/fast] Error 2



Performing C++ SOURCE FILE Test CMAKE_HAVE_LIBC_PTHREAD failed with the following output:
Change Dir: /home/wj/Code/C++/Interview/MemoryPool/build/CMakeFiles/CMakeTmp

Run Build Command(s):/usr/bin/ninja cmTC_dd006 && [1/2] Building CXX object CMakeFiles/cmTC_dd006.dir/src.cxx.o
[2/2] Linking CXX executable cmTC_dd006
FAILED: cmTC_dd006 
: && /usr/bin/g++  -DCMAKE_HAVE_LIBC_PTHREAD   CMakeFiles/cmTC_dd006.dir/src.cxx.o  -o cmTC_dd006   && :
/usr/bin/ld: CMakeFiles/cmTC_dd006.dir/src.cxx.o: in function `main':
src.cxx:(.text+0x46): undefined reference to `pthread_create'
/usr/bin/ld: src.cxx:(.text+0x52): undefined reference to `pthread_detach'
/usr/bin/ld: src.cxx:(.text+0x63): undefined reference to `pthread_join'
collect2: error: ld returned 1 exit status
ninja: build stopped: subcommand failed.


Source file was:
#include <pthread.h>

void* test_func(void* data)
{
  return data;
}

int main(void)
{
  pthread_t thread;
  pthread_create(&thread, NULL, test_func, NULL);
  pthread_detach(thread);
  pthread_join(thread, NULL);
  pthread_atfork(NULL, NULL, NULL);
  pthread_exit(NULL);

  return 0;
}

Determining if the function pthread_create exists in the pthreads failed with the following output:
Change Dir: /home/wj/Code/C++/Interview/MemoryPool/build/CMakeFiles/CMakeTmp

Run Build Command(s):/usr/bin/ninja cmTC_f43e1 && [1/2] Building CXX object CMakeFiles/cmTC_f43e1.dir/CheckFunctionExists.cxx.o
[2/2] Linking CXX executable cmTC_f43e1
FAILED: cmTC_f43e1 
: && /usr/bin/g++  -DCHECK_FUNCTION_EXISTS=pthread_create   CMakeFiles/cmTC_f43e1.dir/CheckFunctionExists.cxx.o  -o cmTC_f43e1  -lpthreads && :
/usr/bin/ld: cannot find -lpthreads
collect2: error: ld returned 1 exit status
ninja: build stopped: subcommand failed.



